<?xml version="1.0" encoding="UTF-8"?>
<testng-results ignored="0" total="1" passed="1" failed="0" skipped="0">
  <reporter-output>
  </reporter-output>
  <suite started-at="2024-07-12T18:50:52 IST" name="Default suite" finished-at="2024-07-12T18:51:32 IST" duration-ms="39527">
    <groups>
    </groups>
    <test started-at="2024-07-12T18:50:52 IST" name="Default test" finished-at="2024-07-12T18:51:32 IST" duration-ms="39527">
      <class name="MainTest.TestClass">
        <test-method is-config="true" signature="extent_report()[pri:0, instance:MainTest.TestClass@66982506]" started-at="2024-07-12T18:50:52 IST" name="extent_report" finished-at="2024-07-12T18:50:52 IST" duration-ms="175" status="PASS">
          <reporter-output>
          </reporter-output>
        </test-method> <!-- extent_report -->
        <test-method is-config="true" signature="launchBrowser()[pri:0, instance:MainTest.TestClass@66982506]" started-at="2024-07-12T18:50:52 IST" name="launchBrowser" finished-at="2024-07-12T18:50:58 IST" duration-ms="6007" status="PASS">
          <reporter-output>
          </reporter-output>
        </test-method> <!-- launchBrowser -->
        <test-method signature="FlipkartTest(java.util.Map)[pri:0, instance:MainTest.TestClass@66982506]" started-at="2024-07-12T18:50:59 IST" name="FlipkartTest" data-provider="flipkart" finished-at="2024-07-12T18:51:31 IST" duration-ms="32586" status="PASS">
          <params>
            <param index="0">
              <value>
                <![CDATA[{BrandFilter=PUMA, ProductName=Shoes, PriceFilter=1500, TestCaseName=TC01, Flag=Yes, ShoeSize=6}]]>
              </value>
            </param>
          </params>
          <reporter-output>
          </reporter-output>
        </test-method> <!-- FlipkartTest -->
        <test-method is-config="true" signature="CloseBrowser()[pri:0, instance:MainTest.TestClass@66982506]" started-at="2024-07-12T18:51:31 IST" name="CloseBrowser" finished-at="2024-07-12T18:51:32 IST" duration-ms="242" status="PASS">
          <reporter-output>
          </reporter-output>
        </test-method> <!-- CloseBrowser -->
        <test-method is-config="true" signature="extent_end()[pri:0, instance:MainTest.TestClass@66982506]" started-at="2024-07-12T18:51:32 IST" name="extent_end" finished-at="2024-07-12T18:51:32 IST" duration-ms="518" status="PASS">
          <reporter-output>
          </reporter-output>
        </test-method> <!-- extent_end -->
      </class> <!-- MainTest.TestClass -->
    </test> <!-- Default test -->
  </suite> <!-- Default suite -->
</testng-results>
